"../../../BeatemupTest/Content/InfinityBladeAdversaries/Enemy/Enemy_Gruntling_Guardian/Textures/T_Gruntling_Guardian_N.uasset" 0
"../../../BeatemupTest/Content/InfinityBladeAdversaries/Enemy/Enemy_Gruntling_Guardian/Textures/T_Gruntling_Guardian_D.uasset" 1
"../../../BeatemupTest/Content/InfinityBladeAdversaries/Enemy/Enemy_Gruntling_Guardian/Textures/T_Gruntling_Guardian_E.uasset" 2
"../../../BeatemupTest/Content/InfinityBladeAdversaries/Enemy/Enemy_Gruntling_Guardian/Textures/T_Gruntling_Guardian_M.uasset" 3
"../../../BeatemupTest/Content/InfinityBladeAdversaries/Enemy/Enemy_Gruntling_Guardian/Materials/CharM_Gruntling_Guardian.uasset" 4
"../../../BeatemupTest/Content/InfinityBladeAdversaries/Enemy/Enemy_Gruntling_Guardian/SK_Gruntling_Guardian.uasset" 5
"../../../BeatemupTest/Content/InfinityBladeAdversaries/Enemy/Enemy_Gruntling_Guardian/SK_Gruntling_Guardian_Skeleton.uasset" 6
"../../../BeatemupTest/Content/InfinityBladeAdversaries/Enemy/Enemy_Gruntling_Guardian/Enemy_Gruntling_Guardian_Animation/ExoGame_Gruntling_React_Light_Front.uasset" 7
"../../../BeatemupTest/Content/InfinityBladeAdversaries/Enemy/Enemy_Gruntling_Guardian/Enemy_Gruntling_Guardian_Animation/EnemyFlinchLightMontage.uasset" 8
"../../../BeatemupTest/Content/InfinityBladeAdversaries/Enemy/Enemy_Gruntling_Guardian/Enemy_Gruntling_Guardian_Animation/ExoGame_Gruntling_Aggro_A.uasset" 9
"../../../BeatemupTest/Content/InfinityBladeAdversaries/Enemy/Enemy_Gruntling_Guardian/Enemy_Gruntling_Guardian_Animation/ExoGame_Gruntling_Run.uasset" 10
"../../../BeatemupTest/Content/InfinityBladeAdversaries/Enemy/Enemy_Gruntling_Guardian/Enemy_Gruntling_Guardian_Animation/ExoGame_Gruntling_Walk.uasset" 11
"../../../Engine/Content/EditorBlueprintResources/StandardMacros.uasset" 12
"../../../BeatemupTest/Content/Characters/TestEnemy/TestEnemy_AnimBP.uasset" 13
"../../../BeatemupTest/Content/Characters/TestEnemy/TestEnemy_BP.uasset" 14
"../../../Engine/Content/EngineSky/C_Sky_Cloud_Color.uasset" 15
"../../../Engine/Content/EngineSky/C_Sky_Horizon_Color.uasset" 16
"../../../Engine/Content/EngineSky/C_Sky_Zenith_Color.uasset" 17
"../../../Engine/Content/EngineSky/T_Sky_Blue.uasset" 18
"../../../Engine/Content/EngineSky/T_Sky_Clouds_M.uasset" 19
"../../../Engine/Content/EngineSky/T_Sky_Stars.uasset" 20
"../../../Engine/Content/EngineSky/SM_SkySphere.uasset" 21
"../../../Engine/Content/EngineSky/M_Sky_Panning_Clouds2.uasset" 22
"../../../Engine/Content/EngineSky/BP_Sky_Sphere.uasset" 23
"../../../Engine/Content/Functions/Engine_MaterialFunctions02/Utility/BlendAngleCorrectedNormals.uasset" 24
"../../../Engine/Content/Functions/MaterialLayerFunctions/MatLayerBlend_NormalBlend.uasset" 25
"../../../Engine/Content/Functions/MaterialLayerFunctions/MatLayerBlend_Simple.uasset" 26
"../../../BeatemupTest/Content/ThirdPersonTemplateContent/Mannequin/Character/Materials/MaterialLayers/T_ML_Rubber_Blue_01_D.uasset" 27
"../../../BeatemupTest/Content/ThirdPersonTemplateContent/Mannequin/Character/Materials/MaterialLayers/T_ML_Rubber_Blue_01_N.uasset" 28
"../../../BeatemupTest/Content/ThirdPersonTemplateContent/Mannequin/Character/Materials/MaterialLayers/ML_GlossyBlack_Latex_UE4.uasset" 29
"../../../BeatemupTest/Content/ThirdPersonTemplateContent/Mannequin/Character/Materials/MaterialLayers/ML_Plastic_Shiny_Beige.uasset" 30
"../../../BeatemupTest/Content/ThirdPersonTemplateContent/Mannequin/Character/Textures/UE4_LOGO_CARD.uasset" 31
"../../../BeatemupTest/Content/ThirdPersonTemplateContent/Mannequin/Character/Materials/MaterialLayers/ML_Plastic_Shiny_Beige_LOGO.uasset" 32
"../../../BeatemupTest/Content/ThirdPersonTemplateContent/Mannequin/Character/Materials/MaterialLayers/T_ML_Aluminum01.uasset" 33
"../../../BeatemupTest/Content/ThirdPersonTemplateContent/Mannequin/Character/Materials/MaterialLayers/T_ML_Aluminum01_N.uasset" 34
"../../../BeatemupTest/Content/ThirdPersonTemplateContent/Mannequin/Character/Materials/MaterialLayers/ML_SoftMetal_UE4.uasset" 35
"../../../BeatemupTest/Content/ThirdPersonTemplateContent/Mannequin/Character/Textures/UE4_Mannequin__normals.uasset" 36
"../../../BeatemupTest/Content/ThirdPersonTemplateContent/Mannequin/Character/Textures/UE4_Mannequin_MAT_MASKA.uasset" 37
"../../../BeatemupTest/Content/ThirdPersonTemplateContent/Mannequin/Character/Materials/M_UE4Man_Body.uasset" 38
"../../../BeatemupTest/Content/ThirdPersonTemplateContent/Mannequin/Character/Textures/UE4Man_Logo_N.uasset" 39
"../../../BeatemupTest/Content/ThirdPersonTemplateContent/Mannequin/Character/Materials/M_UE4Man_ChestLogo.uasset" 40
"../../../BeatemupTest/Content/ThirdPersonTemplateContent/Mannequin/Character/Mesh/UE4_Mannequin_Skeleton.uasset" 41
"../../../BeatemupTest/Content/ThirdPersonTemplateContent/Mannequin/Character/Mesh/SK_Mannequin.uasset" 42
"../../../BeatemupTest/Content/Characters/Gaya/Player_PhysicsAsset.uasset" 43
"../../../BeatemupTest/Content/Characters/Gaya/Player.uasset" 44
"../../../BeatemupTest/Content/Characters/Gaya/Player_Skeleton.uasset" 45
"../../../BeatemupTest/Content/Characters/Gaya/Animations/MontageExample_End_1_Copy.uasset" 46
"../../../BeatemupTest/Content/Characters/Gaya/Animations/MontageExample_End_2_Copy.uasset" 47
"../../../BeatemupTest/Content/Characters/Gaya/Animations/MontageExample_Punch_1_Copy.uasset" 48
"../../../BeatemupTest/Content/Characters/Gaya/Animations/MontageExample_Punch_2_Copy.uasset" 49
"../../../BeatemupTest/Content/Characters/Gaya/Animations/MontageExample_Start_Copy.uasset" 50
"../../../BeatemupTest/Content/Characters/Gaya/Animations/AttackMontage_Copy.uasset" 51
"../../../Engine/Content/EngineAnimNotifies/AnimNotify_PlaySound.uasset" 52
"../../../BeatemupTest/Content/Characters/waterman/water_Body_diffuse.uasset" 53
"../../../BeatemupTest/Content/Characters/waterman/water_Body_normal.uasset" 54
"../../../BeatemupTest/Content/Characters/waterman/water_Body_specular.uasset" 55
"../../../BeatemupTest/Content/Characters/waterman/Bodymat.uasset" 56
"../../../BeatemupTest/Content/Characters/waterman/Bodymat_eyelashes.uasset" 57
"../../../BeatemupTest/Content/Characters/waterman/water_PhysicsAsset.uasset" 58
"../../../BeatemupTest/Content/Characters/waterman/water.uasset" 59
"../../../BeatemupTest/Content/Characters/waterman/water_Skeleton.uasset" 60
"../../../BeatemupTest/Content/Sounds/whoosh.uasset" 61
"../../../BeatemupTest/Content/Characters/waterman/animations/punching.uasset" 62
"../../../BeatemupTest/Content/Characters/waterman/animations/Attack1Montage.uasset" 63
"../../../BeatemupTest/Content/Characters/waterman/animations/uppercut.uasset" 64
"../../../BeatemupTest/Content/Characters/waterman/animations/Attack2Montage.uasset" 65
"../../../BeatemupTest/Content/Characters/waterman/animations/side_kick.uasset" 66
"../../../BeatemupTest/Content/Characters/waterman/animations/Attack3Montage.uasset" 67
"../../../BeatemupTest/Content/Sounds/ftstp2.uasset" 68
"../../../BeatemupTest/Content/Characters/waterman/animations/falling_to_landing.uasset" 69
"../../../BeatemupTest/Content/Characters/waterman/animations/jump_loop.uasset" 70
"../../../BeatemupTest/Content/Sounds/ftstp1.uasset" 71
"../../../BeatemupTest/Content/Characters/waterman/animations/jumping.uasset" 72
"../../../BeatemupTest/Content/Characters/waterman/animations/standing_idle.uasset" 73
"../../../BeatemupTest/Content/Characters/waterman/animations/Standing_Run_Forward.uasset" 74
"../../../BeatemupTest/Content/Characters/waterman/animations/Standing_Walk_Forward.uasset" 75
"../../../BeatemupTest/Content/Characters/waterman/animations/IdleWalkRun_BlendSpace1D.uasset" 76
"../../../BeatemupTest/Content/Characters/waterman/water_AnimBP.uasset" 77
"../../../BeatemupTest/Content/Characters/AllSameAsWaterMan/AirSameBody/AirSameBody_Body_diffuse.uasset" 78
"../../../BeatemupTest/Content/Characters/AllSameAsWaterMan/AirSameBody/AirSameBody_Body_normal.uasset" 79
"../../../BeatemupTest/Content/Characters/AllSameAsWaterMan/AirSameBody/AirSameBody_Body_specular.uasset" 80
"../../../BeatemupTest/Content/Characters/AllSameAsWaterMan/AirSameBody/Bodymat.uasset" 81
"../../../BeatemupTest/Content/Characters/AllSameAsWaterMan/AirSameBody/Bodymat_eyelashes.uasset" 82
"../../../BeatemupTest/Content/Characters/AllSameAsWaterMan/EarthSameBody/EarthSameBody_Body_diffuse.uasset" 83
"../../../BeatemupTest/Content/Characters/AllSameAsWaterMan/EarthSameBody/EarthSameBody_Body_normal.uasset" 84
"../../../BeatemupTest/Content/Characters/AllSameAsWaterMan/EarthSameBody/EarthSameBody_Body_specular.uasset" 85
"../../../BeatemupTest/Content/Characters/AllSameAsWaterMan/EarthSameBody/Bodymat.uasset" 86
"../../../BeatemupTest/Content/Characters/AllSameAsWaterMan/EarthSameBody/Bodymat_eyelashes.uasset" 87
"../../../BeatemupTest/Content/Characters/AllSameAsWaterMan/FireSameBody/FireSameBody_Body_diffuse.uasset" 88
"../../../BeatemupTest/Content/Characters/AllSameAsWaterMan/FireSameBody/FireSameBody_Body_normal.uasset" 89
"../../../BeatemupTest/Content/Characters/AllSameAsWaterMan/FireSameBody/FireSameBody_Body_specular.uasset" 90
"../../../BeatemupTest/Content/Characters/AllSameAsWaterMan/FireSameBody/Bodymat.uasset" 91
"../../../BeatemupTest/Content/Characters/AllSameAsWaterMan/FireSameBody/Bodymat_eyelashes.uasset" 92
"../../../Engine/Content/EngineResources/Black.uasset" 93
"../../../BeatemupTest/Content/InfinityBladeEffects/Effects/Masters/M_Add_Sprite_SubUV_Master.uasset" 94
"../../../BeatemupTest/Content/InfinityBladeEffects/Effects/FX_Textures/Fire/T_Fire_subUV_6X6.uasset" 95
"../../../BeatemupTest/Content/InfinityBladeEffects/Effects/FX_Materials/Fire/M_Fire_01_Add_6X6_INST.uasset" 96
"../../../BeatemupTest/Content/InfinityBladeEffects/Effects/FX_Textures/Smoke/T_SmokeBall_01_8_8.uasset" 97
"../../../BeatemupTest/Content/InfinityBladeEffects/Effects/FX_Materials/Smoke/M_Smoke_01_8X8_INST.uasset" 98
"../../../BeatemupTest/Content/InfinityBladeEffects/Effects/FX_Textures/Spark/T_Sparks_04_SubUV_1_4.uasset" 99
"../../../BeatemupTest/Content/InfinityBladeEffects/Effects/FX_Materials/Spark/M_Spark_04_SubUV_1_4_INST.uasset" 100
"../../../BeatemupTest/Content/InfinityBladeEffects/Effects/FX_Ambient/Fire/P_Fire_largeAreaNoFlare_mobile.uasset" 101
"../../../BeatemupTest/Content/InfinityBladeEffects/Effects/Masters/M_Add_Sprite_Master_DepthFade.uasset" 102
"../../../BeatemupTest/Content/InfinityBladeEffects/Effects/FX_Textures/Gradient/T_starFlare_02.uasset" 103
"../../../BeatemupTest/Content/InfinityBladeEffects/Effects/FX_Materials/Gradient/M_Flare_02_INST.uasset" 104
"../../../BeatemupTest/Content/InfinityBladeEffects/Effects/FX_Textures/Gradient/T_SoftFallOff.uasset" 105
"../../../BeatemupTest/Content/InfinityBladeEffects/Effects/FX_Materials/Gradient/M_Flare_03_INST.uasset" 106
"../../../BeatemupTest/Content/InfinityBladeEffects/Effects/FX_Skill_TeleCharge/P_Skill_telecharge_Ice_Charge_01.uasset" 107
"../../../BeatemupTest/Content/InfinityBladeEffects/Effects/Masters/M_Add_Sprite_Master.uasset" 108
"../../../BeatemupTest/Content/InfinityBladeEffects/Effects/FX_Textures/Gradient/T_BlastHalf.uasset" 109
"../../../BeatemupTest/Content/InfinityBladeEffects/Effects/FX_Materials/Gradient/M_Flare_Vertical_01_INST.uasset" 110
"../../../BeatemupTest/Content/InfinityBladeEffects/Effects/Masters/M_Trans_MeshEmit_2Sided_Pan_Mask_Master.uasset" 111
"../../../BeatemupTest/Content/InfinityBladeEffects/Effects/FX_Textures/Noise/T_Tile_Noise_Tendril_01.uasset" 112
"../../../BeatemupTest/Content/InfinityBladeEffects/Effects/FX_Materials/Noise/M_Tile_Noise_Tendril_01_In_INST_02.uasset" 113
"../../../BeatemupTest/Content/InfinityBladeEffects/Effects/Masters/M_Add_Sprite_2Sided_Master.uasset" 114
"../../../BeatemupTest/Content/InfinityBladeEffects/Effects/FX_Textures/Gradient/T_SwipeTrail.uasset" 115
"../../../BeatemupTest/Content/InfinityBladeEffects/Effects/FX_Materials/Trails/M_Swipe_Mesh_Add_2Sided_01_INST.uasset" 116
"../../../BeatemupTest/Content/InfinityBladeEffects/Effects/FX_Meshes/Skills/SM_AuraCircle_04_Twist.uasset" 117
"../../../BeatemupTest/Content/InfinityBladeEffects/Effects/FX_Meshes/Skills/SM_SwipeCircle_01.uasset" 118
"../../../BeatemupTest/Content/InfinityBladeEffects/Effects/FX_Meshes/Skills/SM_SwipeTrail_Set_01.uasset" 119
"../../../BeatemupTest/Content/InfinityBladeEffects/Effects/FX_Skill_Whirlwind/P_Whirlwind_Default_Area_01.uasset" 120
"../../../BeatemupTest/Content/MyInterface/BP_PlayerHealthHUD.uasset" 121
"../../../BeatemupTest/Content/Sounds/punch_1.uasset" 122
"../../../BeatemupTest/Content/StarterContent/Textures/T_Burst_M.uasset" 123
"../../../BeatemupTest/Content/StarterContent/Particles/Materials/M_Burst.uasset" 124
"../../../BeatemupTest/Content/StarterContent/Textures/T_Explosion_SubUV.uasset" 125
"../../../BeatemupTest/Content/StarterContent/Particles/Materials/M_explosion_subUV.uasset" 126
"../../../BeatemupTest/Content/StarterContent/Particles/Materials/m_flare_01.uasset" 127
"../../../Engine/Content/Functions/Engine_MaterialFunctions01/Gradient/RadialGradient.uasset" 128
"../../../BeatemupTest/Content/StarterContent/Particles/Materials/M_radial_ramp.uasset" 129
"../../../BeatemupTest/Content/StarterContent/Textures/T_Smoke_SubUV.uasset" 130
"../../../BeatemupTest/Content/StarterContent/Textures/T_Smoke_Tiled_D.uasset" 131
"../../../BeatemupTest/Content/StarterContent/Particles/Materials/M_smoke_subUV.uasset" 132
"../../../BeatemupTest/Content/StarterContent/Particles/P_Explosion.uasset" 133
"../../../BeatemupTest/Content/Blueprints/PlayerCharacter.uasset" 134
"../../../BeatemupTest/Content/Blueprints/GodaiGameMode.uasset" 135
"../../../Engine/Content/Functions/Engine_MaterialFunctions01/Opacity/CameraDepthFade.uasset" 136
"../../../Engine/Content/EngineMaterials/T_Default_Material_Grid_M.uasset" 137
"../../../Engine/Content/EngineMaterials/T_Default_Material_Grid_N.uasset" 138
"../../../Engine/Content/EngineMaterials/WorldGridMaterial.uasset" 139
"../../../Engine/Content/EditorMaterials/Cascade/CASC_Cross.uasset" 140
"../../../Engine/Content/EditorMaterials/Cascade/CASC_None.uasset" 141
"../../../Engine/Content/Functions/Engine_MaterialFunctions03/Blends/Blend_Lighten.uasset" 142
"../../../Engine/Content/Functions/Engine_MaterialFunctions03/Blends/Blend_Overlay.uasset" 143
"../../../BeatemupTest/Content/InfinityBladeFireLands/Environments/Fire/Env_Fire_Magma/Textures/T_Env_Fire_Magma01.uasset" 144
"../../../BeatemupTest/Content/InfinityBladeFireLands/Environments/Fire/Env_Fire_Magma/Materials/M_Fire_Lava_Blend.uasset" 145
"../../../BeatemupTest/Content/InfinityBladeGrassLands/Effects/FX_Textures/Env/T_Plains_Fountain_Water_01.uasset" 146
"../../../BeatemupTest/Content/InfinityBladeGrassLands/Effects/FX_Materials/Liquid/M_Water_fountain_01.uasset" 147
"../../../BeatemupTest/Content/InfinityBladeGrassLands/Environments/Plains/Env_Plains_Organic/Textures/T_Plains_Rock01_D.uasset" 148
"../../../BeatemupTest/Content/InfinityBladeGrassLands/Environments/Plains/Env_Plains_Organic/Textures/T_Plains_Rock01_N.uasset" 149
"../../../BeatemupTest/Content/InfinityBladeGrassLands/Environments/Plains/Env_Plains_Organic/Materials/M_Plains_LargeRock.uasset" 150
"../../../BeatemupTest/Content/InfinityBladeIceLands/Environments/Ice/Env_Ice_Deco2/Textures/T_Env_Ice_Crystals_D.uasset" 151
"../../../BeatemupTest/Content/InfinityBladeIceLands/Environments/Ice/Env_Ice_Deco2/Textures/T_Env_Ice_Crystals_N.uasset" 152
"../../../BeatemupTest/Content/InfinityBladeIceLands/Environments/Ice/Env_Ice_Deco2/Materials/M_Env_Ice_Crystals.uasset" 153
"../../../BeatemupTest/Content/InfinityBladeIceLands/Environments/Ice/EX_Env_Ice_1/Textures/T_cliff1_D.uasset" 154
"../../../BeatemupTest/Content/InfinityBladeIceLands/Environments/Ice/EX_Env_Ice_1/Textures/T_cliff2_N.uasset" 155
"../../../BeatemupTest/Content/InfinityBladeIceLands/Environments/Ice/EX_Env_Ice_1/Materials/M_Cliff1_Ice_1.uasset" 156
"../../../BeatemupTest/Content/StarterContent/Textures/T_Perlin_Noise_M.uasset" 157
"../../../BeatemupTest/Content/StarterContent/Textures/T_Water_M.uasset" 158
"../../../BeatemupTest/Content/StarterContent/Textures/T_Water_N.uasset" 159
"../../../BeatemupTest/Content/StarterContent/Materials/M_Water_Ocean.uasset" 160
"../../../BeatemupTest/Content/StarterContent/Textures/cave.uasset" 161
"../../../BeatemupTest/Content/StarterContent/Textures/cave_n.uasset" 162
"../../../BeatemupTest/Content/StarterContent/Textures/dirt0.uasset" 163
"../../../BeatemupTest/Content/StarterContent/Textures/dirt0_n.uasset" 164
"../../../BeatemupTest/Content/StarterContent/Textures/spgrass.uasset" 165
"../../../BeatemupTest/Content/StarterContent/Textures/spgrass_n.uasset" 166
"../../../BeatemupTest/Content/ThirdPersonBP/Maps/land.uasset" 167
"../../../Engine/Content/EngineMaterials/DefaultMaterial.uasset" 168
"../../../Engine/Content/BasicShapes/Cylinder.uasset" 169
"../../../Engine/Content/EngineMaterials/DefaultPhysicalMaterial.uasset" 170
"../../../BeatemupTest/Content/InfinityBladeIceLands/Environments/Ice/DR_Ice_Mountain/Textures/T_Frozen_Ice_Shards_emissive.uasset" 171
"../../../BeatemupTest/Content/InfinityBladeIceLands/Environments/Ice/DR_Ice_Mountain/Textures/T_Frozen_Ice_Shards_Glow.uasset" 172
"../../../BeatemupTest/Content/InfinityBladeIceLands/Environments/Ice/DR_Ice_Mountain/Textures/T_Frozen_Ice_Shards_N.uasset" 173
"../../../BeatemupTest/Content/InfinityBladeIceLands/Environments/Ice/DR_Ice_Mountain/Materials/M_Ice_Shards.uasset" 174
"../../../BeatemupTest/Content/InfinityBladeIceLands/Environments/Ice/DR_Ice_Mountain/StaticMesh/SM_Ice_Shard_B.uasset" 175
"../../../BeatemupTest/Content/StarterContent/Audio/Explosion01.uasset" 176
"../../../BeatemupTest/Content/StarterContent/Audio/Explosion02.uasset" 177
"../../../BeatemupTest/Content/StarterContent/Audio/Explosion_Cue.uasset" 178
"../../../BeatemupTest/Content/StarterContent/Audio/Fire01.uasset" 179
"../../../BeatemupTest/Content/StarterContent/Audio/Smoke01.uasset" 180
"../../../BeatemupTest/Content/StarterContent/Audio/Smoke01_Cue.uasset" 181
"../../../BeatemupTest/Content/StarterContent/Audio/Starter_Birds01.uasset" 182
"../../../BeatemupTest/Content/StarterContent/Audio/Starter_Music01.uasset" 183
"../../../BeatemupTest/Content/StarterContent/Audio/Starter_Music_Cue.uasset" 184
"../../../BeatemupTest/Content/StarterContent/Audio/Starter_Wind05.uasset" 185
"../../../BeatemupTest/Content/StarterContent/Audio/Starter_Wind06.uasset" 186
"../../../BeatemupTest/Content/StarterContent/Audio/Steam01.uasset" 187
"../../../BeatemupTest/Content/StarterContent/Audio/Steam01_Cue.uasset" 188
"../../../BeatemupTest/Content/StarterContent/Textures/T_Fire_SubUV.uasset" 189
"../../../BeatemupTest/Content/StarterContent/Textures/T_Fire_Tiled_D.uasset" 190
"../../../BeatemupTest/Content/StarterContent/Particles/Materials/M_Fire_SubUV.uasset" 191
"../../../BeatemupTest/Content/StarterContent/Particles/Materials/M_Heat_Distortion.uasset" 192
"../../../BeatemupTest/Content/StarterContent/Particles/Materials/M_Radial_Gradient.uasset" 193
"../../../BeatemupTest/Content/StarterContent/Particles/P_Fire.uasset" 194
"../../../BeatemupTest/Content/StarterContent/Particles/P_Smoke.uasset" 195
"../../../BeatemupTest/Content/StarterContent/Particles/P_Steam_Lit.uasset" 196
"../../../BeatemupTest/Content/Levels/ItielMainLevel/MainLevel.umap" 197
"../../../BeatemupTest/Content/Images/LOGO.uasset" 198
"../../../BeatemupTest/Content/Images/TITLE.uasset" 199
"../../../BeatemupTest/Content/Blueprints/MENU.uasset" 200
"../../../BeatemupTest/Content/Levels/MENUStart.umap" 201
"../../../Engine/Content/EngineMaterials/DefaultDiffuse.uasset" 202
"../../../Engine/Content/EngineMaterials/DefaultNormal.uasset" 203
"../../../Engine/Content/Maps/Entry.umap" 204
"../../../Engine/Content/EditorResources/S_Actor.uasset" 205
"../../../Engine/Content/Maps/Templates/Thumbnails/Default.uasset" 206
"../../../Engine/Content/EditorMaterials/ParticleSystems/PSysThumbnail_NoImage.uasset" 207
"../../../Engine/Content/EditorMaterials/ParticleSystems/PSysThumbnail_OOD.uasset" 208
"../../../Engine/Content/EditorLandscapeResources/DataLayer.uasset" 209
"../../../Engine/Content/EngineFonts/Roboto.uasset" 210
"../../../Engine/Content/Functions/Engine_MaterialFunctions01/Shading/PowerToRoughness.uasset" 211
"../../../Engine/Content/EngineMaterials/DefaultDeferredDecalMaterial.uasset" 212
"../../../Engine/Content/EngineMaterials/DefaultLightFunctionMaterial.uasset" 213
"../../../Engine/Content/Functions/Engine_MaterialFunctions02/Utility/BreakOutFloat2Components.uasset" 214
"../../../Engine/Content/EngineMaterials/DefaultPostProcessMaterial.uasset" 215
"../../../Engine/Content/EngineResources/DefaultTexture.uasset" 216
"../../../Engine/Content/Functions/Engine_MaterialFunctions02/Texturing/ScreenAlignedUVs.uasset" 217
"../../../Engine/Content/EngineResources/WhiteSquareTexture.uasset" 218
"../../../Engine/Content/EngineMaterials/Widget3DPassThrough.uasset" 219
"../../../Engine/Content/EngineMaterials/Widget3DPassThrough_Translucent.uasset" 220
"../../../Engine/Content/EngineMaterials/Widget3DPassThrough_Translucent_OneSided.uasset" 221
"../../../Engine/Content/EngineMaterials/Widget3DPassThrough_Opaque.uasset" 222
"../../../Engine/Content/EngineMaterials/Widget3DPassThrough_Opaque_OneSided.uasset" 223
"../../../Engine/Content/EngineMaterials/Widget3DPassThrough_Masked.uasset" 224
"../../../Engine/Content/EngineMaterials/Widget3DPassThrough_Masked_OneSided.uasset" 225
"../../../Engine/Content/EngineDamageTypes/DmgTypeBP_Environmental.uasset" 226
"../../../Engine/Content/EngineMeshes/Sphere.uasset" 227
"../../../Engine/Content/EngineFonts/RobotoDistanceField.uasset" 228
"../../../Engine/Content/EngineMaterials/DefaultTextMaterialOpaque.uasset" 229
"../../../Engine/Content/EditorResources/S_Trigger.uasset" 230
"../../../Engine/Content/EngineResources/GradientTexture0.uasset" 231
"../../../Engine/Content/EditorMaterials/MatineeGroups/MAT_Groups_Float.uasset" 232
"../../../Engine/Content/EditorMaterials/MatineeGroups/MAT_Groups_Director.uasset" 233
"../../../Engine/Content/EditorMaterials/MatineeGroups/MAT_Groups_Event.uasset" 234
"../../../Engine/Content/EditorMaterials/MatineeGroups/MAT_Groups_Anim.uasset" 235
"../../../Engine/Content/EditorMaterials/MatineeGroups/MAT_Groups_Fade.uasset" 236
"../../../Engine/Content/EditorMaterials/MatineeGroups/MAT_Groups_Move.uasset" 237
"../../../Engine/Content/EditorMaterials/MatineeGroups/MAT_Groups_Slomo.uasset" 238
"../../../Engine/Content/EditorMaterials/MatineeGroups/MAT_ColorTrack.uasset" 239
"../../../Engine/Content/EditorMaterials/MAT_Groups_Toggle.uasset" 240
"../../../Engine/Content/EditorMaterials/MatineeGroups/MAT_Groups_AudioMaster.uasset" 241
"../../../Engine/Content/EditorMaterials/MatineeGroups/MAT_Groups_Sound.uasset" 242
"../../../Engine/Content/EditorMaterials/MatineeGroups/MAT_Groups_Vector.uasset" 243
"../../../Engine/Content/EditorMaterials/MAT_Groups_Visibility.uasset" 244
"../../../Engine/Content/EngineResources/DefaultTextureCube.uasset" 245
"../../../Engine/Content/EngineMeshes/Cylinder.uasset" 246
"../../../Engine/Content/EngineTireTypes/DefaultTireType.uasset" 247
"../../../Engine/Content/EngineResources/AICON-Red.uasset" 248
"../../../Engine/Content/EngineResources/AICON-Green.uasset" 249
"../../../Engine/Content/Tutorial/Basics/TutorialAssets/icon_tab_Levels_40x.uasset" 250
"../../../Engine/Content/Tutorial/Basics/LevelEditorOverview.uasset" 251
"../../../Engine/Content/Tutorial/BlueprintTutorials/TutorialAssets/Blueprint_64x.uasset" 252
"../../../Engine/Content/Tutorial/BlueprintTutorials/BlueprintEditorTutorial.uasset" 253
"../../../Engine/Content/Tutorial/Basics/LevelEditorAttract.uasset" 254
"../../../Engine/Content/Tutorial/Installation/InstallingVisualStudioTutorial.uasset" 255
"../../../Engine/Content/Tutorial/ContentIntroCurve.uasset" 256
"../../../Engine/Plugins/2D/Paper2D/Content/PlaceholderTextures/DummySpriteTexture.uasset" 257
"../../../Engine/Plugins/2D/Paper2D/Content/DummySpriteTexture.uasset" 258
"../../../Engine/Plugins/2D/Paper2D/Content/DefaultSpriteMaterial.uasset" 259
"../../../Engine/Plugins/2D/Paper2D/Content/MaskedUnlitSpriteMaterial.uasset" 260
"../../../Engine/Plugins/2D/Paper2D/Content/OpaqueUnlitSpriteMaterial.uasset" 261
"../../../Engine/Plugins/2D/Paper2D/Content/DummySprite.uasset" 262
"../../../Engine/Plugins/2D/Paper2D/Content/DefaultPaperTerrainMaterial.uasset" 263
"../../../Engine/Plugins/Runtime/LeapMotionController/Content/LM_CapsuleMesh.uasset" 264
"../../../Engine/Plugins/Runtime/LeapMotionController/Content/LM_TorusMesh.uasset" 265
"../../../Engine/Plugins/Runtime/LeapMotionController/Content/LM_HandColor.uasset" 266
"../../../Engine/Plugins/Runtime/LeapMotionController/Content/LM_SampleDistortion.uasset" 267
"../../../Engine/Plugins/Runtime/LeapMotionController/Content/LM_TestTexture.uasset" 268
"../../../Engine/Plugins/Runtime/LeapMotionController/Content/LM_PassthroughMaterial.uasset" 269
"../../../Engine/Content/BasicShapes/Cube.uasset" 270
"../../../Engine/Content/EngineMaterials/RemoveSurfaceMaterial.uasset" 271
"../../../Engine/Content/EngineDebugMaterials/DebugMeshMaterial.uasset" 272
"../../../Engine/Content/EngineMaterials/InvalidLightmapSettings.uasset" 273
"../../../Engine/Content/EngineMaterials/M_InvalidLightmapSettings.uasset" 274
"../../../Engine/Content/EditorMaterials/GizmoMaterial.uasset" 275
"../../../Engine/Content/EngineMaterials/Good64x64TilingNoiseHighFreq.uasset" 276
"../../../Engine/Content/EngineMaterials/DefaultBokeh.uasset" 277
"../../../Engine/Content/EngineMaterials/PreintegratedSkinBRDF.uasset" 278
"../../../Engine/Content/EngineMaterials/MiniFont.uasset" 279
"../../../Engine/Content/EngineMaterials/WeightMapPlaceholderTexture.uasset" 280
"../../../Engine/Content/EngineFonts/RobotoTiny.uasset" 281
"../../../Engine/Content/MobileResources/HUD/MobileHUDButton3.uasset" 282
"../../../Engine/Content/MobileResources/HUD/MobileHUDButton1_off.uasset" 283
"../../../Engine/Content/MobileResources/HUD/MobileHUDDirectionPad.uasset" 284
"../../../Engine/Content/EditorMaterials/PhAT_JointLimitMaterial.uasset" 285
"../../../Engine/Content/EditorMaterials/PreviewShadowIndicator.uasset" 286
"../../../Engine/Content/EditorMaterials/PreviewShadowIndicatorMaterial.uasset" 287
"../../../Engine/Content/EditorMeshes/ColorCalibrator/M_ChromeBall.uasset" 288
"../../../Engine/Content/EditorMeshes/ColorCalibrator/M_ClearCoat.uasset" 289
"../../../Engine/Content/EditorMeshes/ColorCalibrator/M_ClearCoatBlack.uasset" 290
"../../../Engine/Content/EditorMeshes/ColorCalibrator/T_ColorGrid.uasset" 291
"../../../Engine/Content/EditorMeshes/ColorCalibrator/M_ColorGrid.uasset" 292
"../../../Engine/Content/EditorMeshes/ColorCalibrator/M_GreyBall.uasset" 293
"../../../Engine/Content/EditorMeshes/ColorCalibrator/SM_ColorCalibrator.uasset" 294
"../../../Engine/Content/EditorResources/BSPVertex.uasset" 295
"../../../Engine/Content/EngineDebugMaterials/HeatmapGradient.uasset" 296
"../../../Engine/Content/EngineDebugMaterials/BoneWeightMaterial.uasset" 297
"../../../Engine/Content/EngineDebugMaterials/GeomMaterial.uasset" 298
"../../../Engine/Content/Functions/Engine_MaterialFunctions01/Shading/ConvertFromDiffSpec.uasset" 299
"../../../Engine/Content/EngineDebugMaterials/LevelColorationLitMaterial.uasset" 300
"../../../Engine/Content/EngineDebugMaterials/LevelColorationUnlitMaterial.uasset" 301
"../../../Engine/Content/EngineMaterials/DefaultWhiteGrid.uasset" 302
"../../../Engine/Content/EngineDebugMaterials/MAT_LevelColorationLitLightmapUV.uasset" 303
"../../../Engine/Content/EngineDebugMaterials/ShadedLevelColorationLitMaterial.uasset" 304
"../../../Engine/Content/EngineDebugMaterials/ShadedLevelColorationUnlitMateri.uasset" 305
"../../../Engine/Content/EngineDebugMaterials/VertexColorMaterial.uasset" 306
"../../../Engine/Content/EngineDebugMaterials/VertexColorViewMode_AlphaAsColor.uasset" 307
"../../../Engine/Content/EngineDebugMaterials/VertexColorViewMode_BlueOnly.uasset" 308
"../../../Engine/Content/EngineDebugMaterials/VertexColorViewMode_ColorOnly.uasset" 309
"../../../Engine/Content/EngineDebugMaterials/VertexColorViewMode_GreenOnly.uasset" 310
"../../../Engine/Content/EngineDebugMaterials/VertexColorViewMode_RedOnly.uasset" 311
"../../../Engine/Content/EngineDebugMaterials/WireframeMaterial.uasset" 312
"../../../Engine/Content/EngineMaterials/EditorBrushMaterial.uasset" 313
"../../../Engine/Content/MobileResources/T_MobileControls_texture.uasset" 314
"../../../Engine/Content/MobileResources/T_MobileMenu2.uasset" 315
"../../../Engine/Content/MobileResources/HUD/AnalogHat.uasset" 316
"../../../Engine/Content/MobileResources/HUD/VirtualJoystick_Background.uasset" 317
"../../../Engine/Content/MobileResources/HUD/VirtualJoystick_Thumb.uasset" 318
"../../../Engine/Content/MobileResources/HUD/DefaultVirtualJoysticks.uasset" 319
"../../../Engine/Content/MobileResources/HUD/LeftVirtualJoystickOnly.uasset" 320
"../../../Engine/Content/MobileResources/HUD/MobileHUDButton1_on.uasset" 321
"../../../Engine/Content/MobileResources/HUD/MobileHUDButton2_off.uasset" 322
"../../../Engine/Content/MobileResources/HUD/MobileHUDButton2_on.uasset" 323
"../../../Engine/Content/MobileResources/HUD/MobileHUDButtonFire.uasset" 324
"../../../Engine/Content/MobileResources/HUD/MobileHUDDirectionPad2.uasset" 325
"../../../Engine/Content/MobileResources/HUD/MobileHUDDirectionPad3.uasset" 326
"../../../Engine/Content/MobileResources/HUD/MobileHUDDirectionStick.uasset" 327
"../../../Engine/Content/MobileResources/HUD/T_Castle_ThumbstickInner.uasset" 328
"../../../Engine/Content/MobileResources/HUD/T_Castle_ThumbstickOutter.uasset" 329
"../../../Engine/Content/Tutorial/BlueprintTutorials/TutorialAssets/BlueprintInterface_64x.uasset" 330
"../../../Engine/Content/Tutorial/BlueprintTutorials/TutorialAssets/Tutorial_BP_Interface.uasset" 331
"../../../Engine/Content/Tutorial/BlueprintTutorials/BlueprintInterfacesEditorOverview.uasset" 332
"../../../Engine/Content/Tutorial/BlueprintTutorials/TutorialAssets/BlueprintMacroLibrary_64x.uasset" 333
"../../../Engine/Content/Tutorial/BlueprintTutorials/TutorialAssets/Tutorial_BP_MacroLib.uasset" 334
"../../../Engine/Content/Tutorial/BlueprintTutorials/BlueprintMacroLibrariesEditorOverview.uasset" 335
"../../../Engine/Content/Tutorial/BlueprintTutorials/LevelBlueprintEditorOverview.uasset" 336
"../../../Engine/Content/Tutorial/Foliage/TutorialAssets/Foliage.uasset" 337
"../../../Engine/Content/Tutorial/Foliage/Foliage_Settings_Tutorial.uasset" 338
"../../../Engine/Content/Tutorial/Foliage/Foliage_Using_The_Tool_Tutorial.uasset" 339
"../../../Engine/Content/Tutorial/Foliage/Foliage_Intro_Tutorial.uasset" 340
"../../../Engine/Content/Tutorial/Landscape/TutorialAssets/Landscape.uasset" 341
"../../../Engine/Content/Tutorial/Landscape/Landscape_Painting_Mode.uasset" 342
"../../../Engine/Content/Tutorial/Landscape/Landscape_Sculpt_Mode.uasset" 343
"../../../Engine/Content/Tutorial/Landscape/Landscape_Manage_Mode.uasset" 344
"../../../Engine/Content/Tutorial/Paper2D/TutorialAssets/Paper2DFlipbook_TutorialIcon.uasset" 345
"../../../Engine/Content/Tutorial/Paper2D/FlipbookEditorTutorial.uasset" 346
"../../../Engine/Content/Tutorial/Paper2D/TutorialAssets/Paper2DSprite_TutorialIcon.uasset" 347
"../../../Engine/Content/Tutorial/Paper2D/SpriteEditorTutorial.uasset" 348
"../../../Engine/Content/EditorMeshes/EditorCube.uasset" 349
"../../../Engine/Content/Tutorial/SubEditors/TutorialAssets/Tutorial_DM.uasset" 350
"../../../Engine/Content/Tutorial/SubEditors/DestructibleMeshEditorTutorial.uasset" 351
"../../../Engine/Content/Tutorial/SubEditors/TutorialAssets/TutorialMaterial.uasset" 352
"../../../Engine/Content/Tutorial/SubEditors/MaterialEditorTutorial.uasset" 353
"../../../Engine/Content/Tutorial/SubEditors/TutorialAssets/T_SmokeSubUV_8X8.uasset" 354
"../../../Engine/Content/Tutorial/SubEditors/TutorialAssets/T_soft_smoke.uasset" 355
"../../../Engine/Content/Tutorial/SubEditors/TutorialAssets/M_smoke_subUV_blackbody.uasset" 356
"../../../Engine/Content/Tutorial/SubEditors/TutorialAssets/TutorialParticleSystem.uasset" 357
"../../../Engine/Content/Tutorial/SubEditors/ParticleSystemEditorTutorial.uasset" 358
"../../../Engine/Content/Tutorial/SubEditors/TutorialAssets/icon_ShowSkeletalMeshes_40x.uasset" 359
"../../../Engine/Content/Tutorial/SubEditors/TutorialAssets/Character/TutorialTPP_Mat.uasset" 360
"../../../Engine/Content/Tutorial/SubEditors/TutorialAssets/Character/TutorialTPP_PhysicsAsset.uasset" 361
"../../../Engine/Content/Tutorial/SubEditors/TutorialAssets/Character/TutorialTPP.uasset" 362
"../../../Engine/Content/Tutorial/SubEditors/TutorialAssets/Character/TutorialTPP_Skeleton.uasset" 363
"../../../Engine/Content/Tutorial/SubEditors/TutorialAssets/Character/Tutorial_Idle.uasset" 364
"../../../Engine/Content/Tutorial/SubEditors/TutorialAssets/Character/Tutorial_Walk_Fwd.uasset" 365
"../../../Engine/Content/Tutorial/SubEditors/TutorialAssets/Character/NewBlendSpace1D.uasset" 366
"../../../Engine/Content/Tutorial/SubEditors/TutorialAssets/Character/TutorialCharacter.uasset" 367
"../../../Engine/Content/Tutorial/SubEditors/TutorialAssets/Character/TutorialTPP_AnimBlueprint.uasset" 368
"../../../Engine/Content/Tutorial/SubEditors/PersonaAnimBlueprintEditorWalkthrough.uasset" 369
"../../../Engine/Content/Tutorial/SubEditors/PersonaAnimEditorWalkthrough.uasset" 370
"../../../Engine/Content/Tutorial/SubEditors/PersonaAnimEditorTutorial.uasset" 371
"../../../Engine/Content/EngineMeshes/Cube.uasset" 372
"../../../Engine/Content/Tutorial/SubEditors/StaticMeshEditorTutorial.uasset" 373
"../../../Engine/Content/Tutorial/SubEditors/TutorialAssets/icon_Editor_Preferences_General_40x.uasset" 374
